23 Dec 2019, 17:22:00,865 Logging initialized.
23 Dec 2019, 17:22:00,865 STARTING BIDDING API SERVER .... !!!!
23 Dec 2019, 17:22:00,891 1 <-> com.egp.contract.api.processors.ContracsAllProcessor
23 Dec 2019, 17:22:00,892 2 <-> com.egp.contract.api.processors.ContracsProcessor
23 Dec 2019, 17:22:00,916 Logging to org.slf4j.impl.Log4jLoggerAdapter(org.eclipse.jetty.util.log) via org.eclipse.jetty.util.log.Slf4jLog
23 Dec 2019, 17:22:00,921 Logging initialized @376ms
23 Dec 2019, 17:22:00,948 org.eclipse.jetty.server.Server@5b37e0d2 added {qtp1469821799{STOPPED,8<=0<=200,i=0,q=0},AUTO}
23 Dec 2019, 17:22:00,961 HttpConnectionFactory@2957fcb0{HTTP/1.1} added {HttpConfiguration@1376c05c{32768/8192,8192/8192,https://:0,[]},POJO}
23 Dec 2019, 17:22:00,963 ServerConnector@6aa8ceb6{null}{0.0.0.0:0} added {org.eclipse.jetty.server.Server@5b37e0d2,UNMANAGED}
23 Dec 2019, 17:22:00,963 ServerConnector@6aa8ceb6{null}{0.0.0.0:0} added {qtp1469821799{STOPPED,8<=0<=200,i=0,q=0},AUTO}
23 Dec 2019, 17:22:00,964 ServerConnector@6aa8ceb6{null}{0.0.0.0:0} added {org.eclipse.jetty.util.thread.ScheduledExecutorScheduler@694f9431,AUTO}
23 Dec 2019, 17:22:00,964 ServerConnector@6aa8ceb6{null}{0.0.0.0:0} added {org.eclipse.jetty.io.ArrayByteBufferPool@2530c12,POJO}
23 Dec 2019, 17:22:00,964 ServerConnector@6aa8ceb6{null}{0.0.0.0:0} added {HttpConnectionFactory@2957fcb0{HTTP/1.1},AUTO}
23 Dec 2019, 17:22:00,965 ServerConnector@6aa8ceb6{HTTP/1.1}{0.0.0.0:0} added {org.eclipse.jetty.server.ServerConnector$ServerConnectorManager@3b95a09c,MANAGED}
23 Dec 2019, 17:22:00,971 SslConnectionFactory@6bf2d08e{SSL-http/1.1} added {SslContextFactory@5eb5c224(config/apiegp.jks,null),AUTO}
23 Dec 2019, 17:22:00,972 HttpConnectionFactory@53e25b76{HTTP/1.1} added {HttpConfiguration@73a8dfcc{32768/8192,8192/8192,https://:0,[SecureRequestCustomizer@ea30797]},POJO}
23 Dec 2019, 17:22:00,972 ServerConnector@3f8f9dd6{null}{0.0.0.0:0} added {org.eclipse.jetty.server.Server@5b37e0d2,UNMANAGED}
23 Dec 2019, 17:22:00,973 ServerConnector@3f8f9dd6{null}{0.0.0.0:0} added {qtp1469821799{STOPPED,8<=0<=200,i=0,q=0},AUTO}
23 Dec 2019, 17:22:00,973 ServerConnector@3f8f9dd6{null}{0.0.0.0:0} added {org.eclipse.jetty.util.thread.ScheduledExecutorScheduler@7e774085,AUTO}
23 Dec 2019, 17:22:00,973 ServerConnector@3f8f9dd6{null}{0.0.0.0:0} added {org.eclipse.jetty.io.ArrayByteBufferPool@aec6354,POJO}
23 Dec 2019, 17:22:00,974 ServerConnector@3f8f9dd6{null}{0.0.0.0:0} added {SslConnectionFactory@6bf2d08e{SSL-http/1.1},AUTO}
23 Dec 2019, 17:22:00,974 ServerConnector@3f8f9dd6{SSL-http/1.1}{0.0.0.0:0} added {HttpConnectionFactory@53e25b76{HTTP/1.1},AUTO}
23 Dec 2019, 17:22:00,974 ServerConnector@3f8f9dd6{SSL-http/1.1}{0.0.0.0:0} added {org.eclipse.jetty.server.ServerConnector$ServerConnectorManager@1c655221,MANAGED}
23 Dec 2019, 17:22:00,991 org.eclipse.jetty.servlet.ServletHandler@69222c14 added {com.egp.contract.api.server.CorsFilter-5aaa6d82,AUTO}
23 Dec 2019, 17:22:00,994 org.eclipse.jetty.servlet.ServletHandler@69222c14 added {[/*]/[]==1=>com.egp.contract.api.server.CorsFilter-5aaa6d82,POJO}
23 Dec 2019, 17:22:00,996 org.eclipse.jetty.servlet.ServletHandler@69222c14 added {com.egp.contract.api.server.JettyServer$JeetyServlet-2f333739@517f98aa==com.egp.contract.api.server.JettyServer$JeetyServlet,-1,false,AUTO}
23 Dec 2019, 17:22:00,997 org.eclipse.jetty.servlet.ServletHandler@69222c14 added {[/api]=>com.egp.contract.api.server.JettyServer$JeetyServlet-2f333739,POJO}
23 Dec 2019, 17:22:00,998 org.eclipse.jetty.server.handler.HandlerCollection@6ed3ef1[org.eclipse.jetty.servlet.ServletHandler@69222c14] added {org.eclipse.jetty.servlet.ServletHandler@69222c14,AUTO}
23 Dec 2019, 17:22:00,999 org.eclipse.jetty.server.Server@5b37e0d2 added {org.eclipse.jetty.server.handler.HandlerCollection@6ed3ef1[org.eclipse.jetty.servlet.ServletHandler@69222c14],AUTO}
23 Dec 2019, 17:22:00,999 org.eclipse.jetty.server.Server@5b37e0d2 added {ServerConnector@6aa8ceb6{HTTP/1.1}{0.0.0.0:8082},AUTO}
23 Dec 2019, 17:22:00,999 org.eclipse.jetty.server.Server@5b37e0d2 added {ServerConnector@3f8f9dd6{SSL-http/1.1}{0.0.0.0:8444},AUTO}
23 Dec 2019, 17:22:00,999 starting org.eclipse.jetty.server.Server@5b37e0d2
23 Dec 2019, 17:22:01,003 jetty-9.2.z-SNAPSHOT
23 Dec 2019, 17:22:01,017 starting org.eclipse.jetty.server.Server@5b37e0d2
23 Dec 2019, 17:22:01,018 starting qtp1469821799{STOPPED,8<=0<=200,i=0,q=0}
23 Dec 2019, 17:22:01,028 STARTED @485ms qtp1469821799{STARTED,8<=8<=200,i=7,q=0}
23 Dec 2019, 17:22:01,029 starting org.eclipse.jetty.server.handler.HandlerCollection@6ed3ef1[org.eclipse.jetty.servlet.ServletHandler@69222c14]
23 Dec 2019, 17:22:01,029 starting org.eclipse.jetty.server.handler.HandlerCollection@6ed3ef1[org.eclipse.jetty.servlet.ServletHandler@69222c14]
23 Dec 2019, 17:22:01,029 starting org.eclipse.jetty.servlet.ServletHandler@69222c14
23 Dec 2019, 17:22:01,034 Chose path=/api mapped to servlet=com.egp.contract.api.server.JettyServer$JeetyServlet-2f333739 from default=false
23 Dec 2019, 17:22:01,035 filterNameMap={com.egp.contract.api.server.CorsFilter-5aaa6d82=com.egp.contract.api.server.CorsFilter-5aaa6d82}
23 Dec 2019, 17:22:01,035 pathFilters=[[/*]/[]==1=>com.egp.contract.api.server.CorsFilter-5aaa6d82]
23 Dec 2019, 17:22:01,035 servletFilterMap={}
23 Dec 2019, 17:22:01,035 servletPathMap={/api=com.egp.contract.api.server.JettyServer$JeetyServlet-2f333739@517f98aa==com.egp.contract.api.server.JettyServer$JeetyServlet,-1,false}
23 Dec 2019, 17:22:01,036 servletNameMap={com.egp.contract.api.server.JettyServer$JeetyServlet-2f333739=com.egp.contract.api.server.JettyServer$JeetyServlet-2f333739@517f98aa==com.egp.contract.api.server.JettyServer$JeetyServlet,-1,false}
23 Dec 2019, 17:22:01,036 Adding Default404Servlet to org.eclipse.jetty.servlet.ServletHandler@69222c14
23 Dec 2019, 17:22:01,036 org.eclipse.jetty.servlet.ServletHandler@69222c14 added {org.eclipse.jetty.servlet.ServletHandler$Default404Servlet-16b4a017@12176560==org.eclipse.jetty.servlet.ServletHandler$Default404Servlet,-1,false,AUTO}
23 Dec 2019, 17:22:01,036 org.eclipse.jetty.servlet.ServletHandler@69222c14 added {[/]=>org.eclipse.jetty.servlet.ServletHandler$Default404Servlet-16b4a017,POJO}
23 Dec 2019, 17:22:01,036 Chose path=/api mapped to servlet=com.egp.contract.api.server.JettyServer$JeetyServlet-2f333739 from default=false
23 Dec 2019, 17:22:01,037 Chose path=/ mapped to servlet=org.eclipse.jetty.servlet.ServletHandler$Default404Servlet-16b4a017 from default=false
23 Dec 2019, 17:22:01,037 filterNameMap={com.egp.contract.api.server.CorsFilter-5aaa6d82=com.egp.contract.api.server.CorsFilter-5aaa6d82}
23 Dec 2019, 17:22:01,037 pathFilters=[[/*]/[]==1=>com.egp.contract.api.server.CorsFilter-5aaa6d82]
23 Dec 2019, 17:22:01,037 servletFilterMap={}
23 Dec 2019, 17:22:01,037 servletPathMap={/api=com.egp.contract.api.server.JettyServer$JeetyServlet-2f333739@517f98aa==com.egp.contract.api.server.JettyServer$JeetyServlet,-1,false, /=org.eclipse.jetty.servlet.ServletHandler$Default404Servlet-16b4a017@12176560==org.eclipse.jetty.servlet.ServletHandler$Default404Servlet,-1,false}
23 Dec 2019, 17:22:01,038 servletNameMap={com.egp.contract.api.server.JettyServer$JeetyServlet-2f333739=com.egp.contract.api.server.JettyServer$JeetyServlet-2f333739@517f98aa==com.egp.contract.api.server.JettyServer$JeetyServlet,-1,false, org.eclipse.jetty.servlet.ServletHandler$Default404Servlet-16b4a017=org.eclipse.jetty.servlet.ServletHandler$Default404Servlet-16b4a017@12176560==org.eclipse.jetty.servlet.ServletHandler$Default404Servlet,-1,false}
23 Dec 2019, 17:22:01,038 starting com.egp.contract.api.server.CorsFilter-5aaa6d82
23 Dec 2019, 17:22:01,038 STARTED @494ms com.egp.contract.api.server.CorsFilter-5aaa6d82
23 Dec 2019, 17:22:01,039 Filter.init com.egp.contract.api.server.CorsFilter@3419866c
23 Dec 2019, 17:22:01,040 starting com.egp.contract.api.server.JettyServer$JeetyServlet-2f333739@517f98aa==com.egp.contract.api.server.JettyServer$JeetyServlet,-1,false
23 Dec 2019, 17:22:01,041 STARTED @498ms com.egp.contract.api.server.JettyServer$JeetyServlet-2f333739@517f98aa==com.egp.contract.api.server.JettyServer$JeetyServlet,-1,false
23 Dec 2019, 17:22:01,042 starting org.eclipse.jetty.servlet.ServletHandler$Default404Servlet-16b4a017@12176560==org.eclipse.jetty.servlet.ServletHandler$Default404Servlet,-1,false
23 Dec 2019, 17:22:01,042 STARTED @499ms org.eclipse.jetty.servlet.ServletHandler$Default404Servlet-16b4a017@12176560==org.eclipse.jetty.servlet.ServletHandler$Default404Servlet,-1,false
23 Dec 2019, 17:22:01,042 starting org.eclipse.jetty.servlet.ServletHandler@69222c14
23 Dec 2019, 17:22:01,043 STARTED @499ms org.eclipse.jetty.servlet.ServletHandler@69222c14
23 Dec 2019, 17:22:01,043 STARTED @499ms org.eclipse.jetty.server.handler.HandlerCollection@6ed3ef1[org.eclipse.jetty.servlet.ServletHandler@69222c14]
23 Dec 2019, 17:22:01,043 starting ServerConnector@6aa8ceb6{HTTP/1.1}{0.0.0.0:8082}
23 Dec 2019, 17:22:01,051 ServerConnector@6aa8ceb6{HTTP/1.1}{0.0.0.0:8082} added {sun.nio.ch.ServerSocketChannelImpl[/0:0:0:0:0:0:0:0:8082],POJO}
23 Dec 2019, 17:22:01,051 starting org.eclipse.jetty.util.thread.ScheduledExecutorScheduler@694f9431
23 Dec 2019, 17:22:01,053 STARTED @510ms org.eclipse.jetty.util.thread.ScheduledExecutorScheduler@694f9431
23 Dec 2019, 17:22:01,053 starting HttpConnectionFactory@2957fcb0{HTTP/1.1}
23 Dec 2019, 17:22:01,053 STARTED @511ms HttpConnectionFactory@2957fcb0{HTTP/1.1}
23 Dec 2019, 17:22:01,054 starting org.eclipse.jetty.server.ServerConnector$ServerConnectorManager@3b95a09c
23 Dec 2019, 17:22:01,057 starting org.eclipse.jetty.io.SelectorManager$ManagedSelector@65e579dc keys=-1 selected=-1
23 Dec 2019, 17:22:01,730 STARTED @1186ms org.eclipse.jetty.io.SelectorManager$ManagedSelector@65e579dc keys=0 selected=0
23 Dec 2019, 17:22:01,730 starting org.eclipse.jetty.io.SelectorManager$ManagedSelector@35bbe5e8 keys=-1 selected=-1
23 Dec 2019, 17:22:01,731 Starting Thread[qtp1469821799-11-selector-ServerConnectorManager@3b95a09c/0,5,main] on org.eclipse.jetty.io.SelectorManager$ManagedSelector@65e579dc keys=0 selected=0
23 Dec 2019, 17:22:01,732 Selector loop waiting on select
23 Dec 2019, 17:22:01,732 STARTED @1188ms org.eclipse.jetty.io.SelectorManager$ManagedSelector@35bbe5e8 keys=0 selected=0
23 Dec 2019, 17:22:01,732 STARTED @1188ms org.eclipse.jetty.server.ServerConnector$ServerConnectorManager@3b95a09c
23 Dec 2019, 17:22:01,732 Starting Thread[qtp1469821799-12-selector-ServerConnectorManager@3b95a09c/1,5,main] on org.eclipse.jetty.io.SelectorManager$ManagedSelector@35bbe5e8 keys=0 selected=0
23 Dec 2019, 17:22:01,732 Selector loop waiting on select
23 Dec 2019, 17:22:01,733 ServerConnector@6aa8ceb6{HTTP/1.1}{0.0.0.0:8082} added {acceptor-0@3cb5cdba,POJO}
23 Dec 2019, 17:22:01,733 Started ServerConnector@6aa8ceb6{HTTP/1.1}{0.0.0.0:8082}
23 Dec 2019, 17:22:01,733 STARTED @1190ms ServerConnector@6aa8ceb6{HTTP/1.1}{0.0.0.0:8082}
23 Dec 2019, 17:22:01,733 starting ServerConnector@3f8f9dd6{SSL-http/1.1}{0.0.0.0:8444}
23 Dec 2019, 17:22:01,733 ServerConnector@3f8f9dd6{SSL-http/1.1}{0.0.0.0:8444} added {sun.nio.ch.ServerSocketChannelImpl[/0:0:0:0:0:0:0:0:8444],POJO}
23 Dec 2019, 17:22:01,738 starting org.eclipse.jetty.util.thread.ScheduledExecutorScheduler@7e774085
23 Dec 2019, 17:22:01,738 STARTED @1195ms org.eclipse.jetty.util.thread.ScheduledExecutorScheduler@7e774085
23 Dec 2019, 17:22:01,738 starting SslConnectionFactory@6bf2d08e{SSL-http/1.1}
23 Dec 2019, 17:22:01,738 starting SslContextFactory@5eb5c224(config/apiegp.jks,null)
23 Dec 2019, 17:22:02,792 Enabled Protocols [TLSv1, TLSv1.1, TLSv1.2] of [SSLv2Hello, SSLv3, TLSv1, TLSv1.1, TLSv1.2]
23 Dec 2019, 17:22:02,795 Enabled Ciphers   [TLS_ECDHE_ECDSA_WITH_AES_128_CBC_SHA256, TLS_ECDHE_RSA_WITH_AES_128_CBC_SHA256, TLS_RSA_WITH_AES_128_CBC_SHA256, TLS_ECDH_ECDSA_WITH_AES_128_CBC_SHA256, TLS_ECDH_RSA_WITH_AES_128_CBC_SHA256, TLS_DHE_RSA_WITH_AES_128_CBC_SHA256, TLS_DHE_DSS_WITH_AES_128_CBC_SHA256, TLS_ECDHE_ECDSA_WITH_AES_128_CBC_SHA, TLS_ECDHE_RSA_WITH_AES_128_CBC_SHA, TLS_RSA_WITH_AES_128_CBC_SHA, TLS_ECDH_ECDSA_WITH_AES_128_CBC_SHA, TLS_ECDH_RSA_WITH_AES_128_CBC_SHA, TLS_DHE_RSA_WITH_AES_128_CBC_SHA, TLS_DHE_DSS_WITH_AES_128_CBC_SHA, TLS_ECDHE_ECDSA_WITH_AES_128_GCM_SHA256, TLS_ECDHE_RSA_WITH_AES_128_GCM_SHA256, TLS_RSA_WITH_AES_128_GCM_SHA256, TLS_ECDH_ECDSA_WITH_AES_128_GCM_SHA256, TLS_ECDH_RSA_WITH_AES_128_GCM_SHA256, TLS_DHE_RSA_WITH_AES_128_GCM_SHA256, TLS_DHE_DSS_WITH_AES_128_GCM_SHA256, TLS_ECDHE_ECDSA_WITH_3DES_EDE_CBC_SHA, TLS_ECDHE_RSA_WITH_3DES_EDE_CBC_SHA, SSL_RSA_WITH_3DES_EDE_CBC_SHA, TLS_ECDH_ECDSA_WITH_3DES_EDE_CBC_SHA, TLS_ECDH_RSA_WITH_3DES_EDE_CBC_SHA, SSL_DHE_RSA_WITH_3DES_EDE_CBC_SHA, SSL_DHE_DSS_WITH_3DES_EDE_CBC_SHA, TLS_EMPTY_RENEGOTIATION_INFO_SCSV] of [TLS_ECDHE_ECDSA_WITH_AES_128_CBC_SHA256, TLS_ECDHE_RSA_WITH_AES_128_CBC_SHA256, TLS_RSA_WITH_AES_128_CBC_SHA256, TLS_ECDH_ECDSA_WITH_AES_128_CBC_SHA256, TLS_ECDH_RSA_WITH_AES_128_CBC_SHA256, TLS_DHE_RSA_WITH_AES_128_CBC_SHA256, TLS_DHE_DSS_WITH_AES_128_CBC_SHA256, TLS_ECDHE_ECDSA_WITH_AES_128_CBC_SHA, TLS_ECDHE_RSA_WITH_AES_128_CBC_SHA, TLS_RSA_WITH_AES_128_CBC_SHA, TLS_ECDH_ECDSA_WITH_AES_128_CBC_SHA, TLS_ECDH_RSA_WITH_AES_128_CBC_SHA, TLS_DHE_RSA_WITH_AES_128_CBC_SHA, TLS_DHE_DSS_WITH_AES_128_CBC_SHA, TLS_ECDHE_ECDSA_WITH_AES_128_GCM_SHA256, TLS_ECDHE_RSA_WITH_AES_128_GCM_SHA256, TLS_RSA_WITH_AES_128_GCM_SHA256, TLS_ECDH_ECDSA_WITH_AES_128_GCM_SHA256, TLS_ECDH_RSA_WITH_AES_128_GCM_SHA256, TLS_DHE_RSA_WITH_AES_128_GCM_SHA256, TLS_DHE_DSS_WITH_AES_128_GCM_SHA256, TLS_ECDHE_ECDSA_WITH_3DES_EDE_CBC_SHA, TLS_ECDHE_RSA_WITH_3DES_EDE_CBC_SHA, SSL_RSA_WITH_3DES_EDE_CBC_SHA, TLS_ECDH_ECDSA_WITH_3DES_EDE_CBC_SHA, TLS_ECDH_RSA_WITH_3DES_EDE_CBC_SHA, SSL_DHE_RSA_WITH_3DES_EDE_CBC_SHA, SSL_DHE_DSS_WITH_3DES_EDE_CBC_SHA, TLS_EMPTY_RENEGOTIATION_INFO_SCSV, TLS_DH_anon_WITH_AES_128_GCM_SHA256, TLS_DH_anon_WITH_AES_128_CBC_SHA256, TLS_ECDH_anon_WITH_AES_128_CBC_SHA, TLS_DH_anon_WITH_AES_128_CBC_SHA, TLS_ECDH_anon_WITH_3DES_EDE_CBC_SHA, SSL_DH_anon_WITH_3DES_EDE_CBC_SHA, SSL_RSA_WITH_DES_CBC_SHA, SSL_DHE_RSA_WITH_DES_CBC_SHA, SSL_DHE_DSS_WITH_DES_CBC_SHA, SSL_DH_anon_WITH_DES_CBC_SHA, SSL_RSA_EXPORT_WITH_DES40_CBC_SHA, SSL_DHE_RSA_EXPORT_WITH_DES40_CBC_SHA, SSL_DHE_DSS_EXPORT_WITH_DES40_CBC_SHA, SSL_DH_anon_EXPORT_WITH_DES40_CBC_SHA, TLS_RSA_WITH_NULL_SHA256, TLS_ECDHE_ECDSA_WITH_NULL_SHA, TLS_ECDHE_RSA_WITH_NULL_SHA, SSL_RSA_WITH_NULL_SHA, TLS_ECDH_ECDSA_WITH_NULL_SHA, TLS_ECDH_RSA_WITH_NULL_SHA, TLS_ECDH_anon_WITH_NULL_SHA, SSL_RSA_WITH_NULL_MD5, TLS_KRB5_WITH_3DES_EDE_CBC_SHA, TLS_KRB5_WITH_3DES_EDE_CBC_MD5, TLS_KRB5_WITH_DES_CBC_SHA, TLS_KRB5_WITH_DES_CBC_MD5, TLS_KRB5_EXPORT_WITH_DES_CBC_40_SHA, TLS_KRB5_EXPORT_WITH_DES_CBC_40_MD5]
23 Dec 2019, 17:22:02,795 STARTED @2253ms SslContextFactory@5eb5c224(config/apiegp.jks,config/apiegp.jks)
23 Dec 2019, 17:22:02,803 STARTED @2260ms SslConnectionFactory@6bf2d08e{SSL-http/1.1}
23 Dec 2019, 17:22:02,803 starting HttpConnectionFactory@53e25b76{HTTP/1.1}
23 Dec 2019, 17:22:02,803 STARTED @2260ms HttpConnectionFactory@53e25b76{HTTP/1.1}
23 Dec 2019, 17:22:02,803 starting org.eclipse.jetty.server.ServerConnector$ServerConnectorManager@1c655221
23 Dec 2019, 17:22:02,803 starting org.eclipse.jetty.io.SelectorManager$ManagedSelector@631330c keys=-1 selected=-1
23 Dec 2019, 17:22:02,805 STARTED @2262ms org.eclipse.jetty.io.SelectorManager$ManagedSelector@631330c keys=0 selected=0
23 Dec 2019, 17:22:02,805 starting org.eclipse.jetty.io.SelectorManager$ManagedSelector@42f93a98 keys=-1 selected=-1
23 Dec 2019, 17:22:02,806 Starting Thread[qtp1469821799-14-selector-ServerConnectorManager@1c655221/0,5,main] on org.eclipse.jetty.io.SelectorManager$ManagedSelector@631330c keys=0 selected=0
23 Dec 2019, 17:22:02,807 STARTED @2263ms org.eclipse.jetty.io.SelectorManager$ManagedSelector@42f93a98 keys=0 selected=0
23 Dec 2019, 17:22:02,807 STARTED @2264ms org.eclipse.jetty.server.ServerConnector$ServerConnectorManager@1c655221
23 Dec 2019, 17:22:02,807 ServerConnector@3f8f9dd6{SSL-http/1.1}{0.0.0.0:8444} added {acceptor-0@c46bcd4,POJO}
23 Dec 2019, 17:22:02,807 Started ServerConnector@3f8f9dd6{SSL-http/1.1}{0.0.0.0:8444}
23 Dec 2019, 17:22:02,807 Selector loop waiting on select
23 Dec 2019, 17:22:02,807 STARTED @2264ms ServerConnector@3f8f9dd6{SSL-http/1.1}{0.0.0.0:8444}
23 Dec 2019, 17:22:02,808 Started @2265ms
23 Dec 2019, 17:22:02,808 STARTED @2265ms org.eclipse.jetty.server.Server@5b37e0d2
23 Dec 2019, 17:22:02,808 BIDDING API SERVER Started ...!!!
23 Dec 2019, 17:22:02,809 Starting Thread[qtp1469821799-15-selector-ServerConnectorManager@1c655221/1,5,main] on org.eclipse.jetty.io.SelectorManager$ManagedSelector@42f93a98 keys=0 selected=0
23 Dec 2019, 17:22:02,809 Selector loop waiting on select
23 Dec 2019, 17:54:19,477 Logging initialized.
23 Dec 2019, 17:54:19,478 STARTING BIDDING API SERVER .... !!!!
23 Dec 2019, 17:54:19,507 1 <-> com.egp.contract.api.processors.ContracsAllProcessor
23 Dec 2019, 17:54:19,507 2 <-> com.egp.contract.api.processors.ContracsProcessor
23 Dec 2019, 17:54:19,531 Logging to org.slf4j.impl.Log4jLoggerAdapter(org.eclipse.jetty.util.log) via org.eclipse.jetty.util.log.Slf4jLog
23 Dec 2019, 17:54:19,538 Logging initialized @295ms
23 Dec 2019, 17:54:19,564 org.eclipse.jetty.server.Server@5b37e0d2 added {qtp1469821799{STOPPED,8<=0<=200,i=0,q=0},AUTO}
23 Dec 2019, 17:54:19,576 HttpConnectionFactory@2957fcb0{HTTP/1.1} added {HttpConfiguration@1376c05c{32768/8192,8192/8192,https://:0,[]},POJO}
23 Dec 2019, 17:54:19,578 ServerConnector@6aa8ceb6{null}{0.0.0.0:0} added {org.eclipse.jetty.server.Server@5b37e0d2,UNMANAGED}
23 Dec 2019, 17:54:19,578 ServerConnector@6aa8ceb6{null}{0.0.0.0:0} added {qtp1469821799{STOPPED,8<=0<=200,i=0,q=0},AUTO}
23 Dec 2019, 17:54:19,578 ServerConnector@6aa8ceb6{null}{0.0.0.0:0} added {org.eclipse.jetty.util.thread.ScheduledExecutorScheduler@694f9431,AUTO}
23 Dec 2019, 17:54:19,579 ServerConnector@6aa8ceb6{null}{0.0.0.0:0} added {org.eclipse.jetty.io.ArrayByteBufferPool@2530c12,POJO}
23 Dec 2019, 17:54:19,579 ServerConnector@6aa8ceb6{null}{0.0.0.0:0} added {HttpConnectionFactory@2957fcb0{HTTP/1.1},AUTO}
23 Dec 2019, 17:54:19,581 ServerConnector@6aa8ceb6{HTTP/1.1}{0.0.0.0:0} added {org.eclipse.jetty.server.ServerConnector$ServerConnectorManager@3b95a09c,MANAGED}
23 Dec 2019, 17:54:19,585 SslConnectionFactory@6bf2d08e{SSL-http/1.1} added {SslContextFactory@5eb5c224(config/apiegp.jks,null),AUTO}
23 Dec 2019, 17:54:19,586 HttpConnectionFactory@53e25b76{HTTP/1.1} added {HttpConfiguration@73a8dfcc{32768/8192,8192/8192,https://:0,[SecureRequestCustomizer@ea30797]},POJO}
23 Dec 2019, 17:54:19,586 ServerConnector@3f8f9dd6{null}{0.0.0.0:0} added {org.eclipse.jetty.server.Server@5b37e0d2,UNMANAGED}
23 Dec 2019, 17:54:19,587 ServerConnector@3f8f9dd6{null}{0.0.0.0:0} added {qtp1469821799{STOPPED,8<=0<=200,i=0,q=0},AUTO}
23 Dec 2019, 17:54:19,587 ServerConnector@3f8f9dd6{null}{0.0.0.0:0} added {org.eclipse.jetty.util.thread.ScheduledExecutorScheduler@7e774085,AUTO}
23 Dec 2019, 17:54:19,587 ServerConnector@3f8f9dd6{null}{0.0.0.0:0} added {org.eclipse.jetty.io.ArrayByteBufferPool@aec6354,POJO}
23 Dec 2019, 17:54:19,587 ServerConnector@3f8f9dd6{null}{0.0.0.0:0} added {SslConnectionFactory@6bf2d08e{SSL-http/1.1},AUTO}
23 Dec 2019, 17:54:19,587 ServerConnector@3f8f9dd6{SSL-http/1.1}{0.0.0.0:0} added {HttpConnectionFactory@53e25b76{HTTP/1.1},AUTO}
23 Dec 2019, 17:54:19,588 ServerConnector@3f8f9dd6{SSL-http/1.1}{0.0.0.0:0} added {org.eclipse.jetty.server.ServerConnector$ServerConnectorManager@1c655221,MANAGED}
23 Dec 2019, 17:54:19,602 org.eclipse.jetty.servlet.ServletHandler@69222c14 added {com.egp.contract.api.server.CorsFilter-5aaa6d82,AUTO}
23 Dec 2019, 17:54:19,604 org.eclipse.jetty.servlet.ServletHandler@69222c14 added {[/*]/[]==1=>com.egp.contract.api.server.CorsFilter-5aaa6d82,POJO}
23 Dec 2019, 17:54:19,607 org.eclipse.jetty.servlet.ServletHandler@69222c14 added {com.egp.contract.api.server.JettyServer$JeetyServlet-2f333739@517f98aa==com.egp.contract.api.server.JettyServer$JeetyServlet,-1,false,AUTO}
23 Dec 2019, 17:54:19,608 org.eclipse.jetty.servlet.ServletHandler@69222c14 added {[/api]=>com.egp.contract.api.server.JettyServer$JeetyServlet-2f333739,POJO}
23 Dec 2019, 17:54:19,609 org.eclipse.jetty.server.handler.HandlerCollection@6ed3ef1[org.eclipse.jetty.servlet.ServletHandler@69222c14] added {org.eclipse.jetty.servlet.ServletHandler@69222c14,AUTO}
23 Dec 2019, 17:54:19,609 org.eclipse.jetty.server.Server@5b37e0d2 added {org.eclipse.jetty.server.handler.HandlerCollection@6ed3ef1[org.eclipse.jetty.servlet.ServletHandler@69222c14],AUTO}
23 Dec 2019, 17:54:19,610 org.eclipse.jetty.server.Server@5b37e0d2 added {ServerConnector@6aa8ceb6{HTTP/1.1}{0.0.0.0:8082},AUTO}
23 Dec 2019, 17:54:19,610 org.eclipse.jetty.server.Server@5b37e0d2 added {ServerConnector@3f8f9dd6{SSL-http/1.1}{0.0.0.0:8444},AUTO}
23 Dec 2019, 17:54:19,610 starting org.eclipse.jetty.server.Server@5b37e0d2
23 Dec 2019, 17:54:19,613 jetty-9.2.z-SNAPSHOT
23 Dec 2019, 17:54:19,625 starting org.eclipse.jetty.server.Server@5b37e0d2
23 Dec 2019, 17:54:19,626 starting qtp1469821799{STOPPED,8<=0<=200,i=0,q=0}
23 Dec 2019, 17:54:19,634 STARTED @393ms qtp1469821799{STARTED,8<=8<=200,i=7,q=0}
23 Dec 2019, 17:54:19,635 starting org.eclipse.jetty.server.handler.HandlerCollection@6ed3ef1[org.eclipse.jetty.servlet.ServletHandler@69222c14]
23 Dec 2019, 17:54:19,635 starting org.eclipse.jetty.server.handler.HandlerCollection@6ed3ef1[org.eclipse.jetty.servlet.ServletHandler@69222c14]
23 Dec 2019, 17:54:19,635 starting org.eclipse.jetty.servlet.ServletHandler@69222c14
23 Dec 2019, 17:54:19,640 Chose path=/api mapped to servlet=com.egp.contract.api.server.JettyServer$JeetyServlet-2f333739 from default=false
23 Dec 2019, 17:54:19,640 filterNameMap={com.egp.contract.api.server.CorsFilter-5aaa6d82=com.egp.contract.api.server.CorsFilter-5aaa6d82}
23 Dec 2019, 17:54:19,641 pathFilters=[[/*]/[]==1=>com.egp.contract.api.server.CorsFilter-5aaa6d82]
23 Dec 2019, 17:54:19,641 servletFilterMap={}
23 Dec 2019, 17:54:19,641 servletPathMap={/api=com.egp.contract.api.server.JettyServer$JeetyServlet-2f333739@517f98aa==com.egp.contract.api.server.JettyServer$JeetyServlet,-1,false}
23 Dec 2019, 17:54:19,641 servletNameMap={com.egp.contract.api.server.JettyServer$JeetyServlet-2f333739=com.egp.contract.api.server.JettyServer$JeetyServlet-2f333739@517f98aa==com.egp.contract.api.server.JettyServer$JeetyServlet,-1,false}
23 Dec 2019, 17:54:19,641 Adding Default404Servlet to org.eclipse.jetty.servlet.ServletHandler@69222c14
23 Dec 2019, 17:54:19,641 org.eclipse.jetty.servlet.ServletHandler@69222c14 added {org.eclipse.jetty.servlet.ServletHandler$Default404Servlet-16b4a017@12176560==org.eclipse.jetty.servlet.ServletHandler$Default404Servlet,-1,false,AUTO}
23 Dec 2019, 17:54:19,642 org.eclipse.jetty.servlet.ServletHandler@69222c14 added {[/]=>org.eclipse.jetty.servlet.ServletHandler$Default404Servlet-16b4a017,POJO}
23 Dec 2019, 17:54:19,642 Chose path=/api mapped to servlet=com.egp.contract.api.server.JettyServer$JeetyServlet-2f333739 from default=false
23 Dec 2019, 17:54:19,642 Chose path=/ mapped to servlet=org.eclipse.jetty.servlet.ServletHandler$Default404Servlet-16b4a017 from default=false
23 Dec 2019, 17:54:19,642 filterNameMap={com.egp.contract.api.server.CorsFilter-5aaa6d82=com.egp.contract.api.server.CorsFilter-5aaa6d82}
23 Dec 2019, 17:54:19,642 pathFilters=[[/*]/[]==1=>com.egp.contract.api.server.CorsFilter-5aaa6d82]
23 Dec 2019, 17:54:19,642 servletFilterMap={}
23 Dec 2019, 17:54:19,642 servletPathMap={/api=com.egp.contract.api.server.JettyServer$JeetyServlet-2f333739@517f98aa==com.egp.contract.api.server.JettyServer$JeetyServlet,-1,false, /=org.eclipse.jetty.servlet.ServletHandler$Default404Servlet-16b4a017@12176560==org.eclipse.jetty.servlet.ServletHandler$Default404Servlet,-1,false}
23 Dec 2019, 17:54:19,643 servletNameMap={com.egp.contract.api.server.JettyServer$JeetyServlet-2f333739=com.egp.contract.api.server.JettyServer$JeetyServlet-2f333739@517f98aa==com.egp.contract.api.server.JettyServer$JeetyServlet,-1,false, org.eclipse.jetty.servlet.ServletHandler$Default404Servlet-16b4a017=org.eclipse.jetty.servlet.ServletHandler$Default404Servlet-16b4a017@12176560==org.eclipse.jetty.servlet.ServletHandler$Default404Servlet,-1,false}
23 Dec 2019, 17:54:19,643 starting com.egp.contract.api.server.CorsFilter-5aaa6d82
23 Dec 2019, 17:54:19,643 STARTED @402ms com.egp.contract.api.server.CorsFilter-5aaa6d82
23 Dec 2019, 17:54:19,645 Filter.init com.egp.contract.api.server.CorsFilter@3419866c
23 Dec 2019, 17:54:19,645 starting com.egp.contract.api.server.JettyServer$JeetyServlet-2f333739@517f98aa==com.egp.contract.api.server.JettyServer$JeetyServlet,-1,false
23 Dec 2019, 17:54:19,647 STARTED @405ms com.egp.contract.api.server.JettyServer$JeetyServlet-2f333739@517f98aa==com.egp.contract.api.server.JettyServer$JeetyServlet,-1,false
23 Dec 2019, 17:54:19,647 starting org.eclipse.jetty.servlet.ServletHandler$Default404Servlet-16b4a017@12176560==org.eclipse.jetty.servlet.ServletHandler$Default404Servlet,-1,false
23 Dec 2019, 17:54:19,648 STARTED @406ms org.eclipse.jetty.servlet.ServletHandler$Default404Servlet-16b4a017@12176560==org.eclipse.jetty.servlet.ServletHandler$Default404Servlet,-1,false
23 Dec 2019, 17:54:19,648 starting org.eclipse.jetty.servlet.ServletHandler@69222c14
23 Dec 2019, 17:54:19,648 STARTED @407ms org.eclipse.jetty.servlet.ServletHandler@69222c14
23 Dec 2019, 17:54:19,648 STARTED @407ms org.eclipse.jetty.server.handler.HandlerCollection@6ed3ef1[org.eclipse.jetty.servlet.ServletHandler@69222c14]
23 Dec 2019, 17:54:19,648 starting ServerConnector@6aa8ceb6{HTTP/1.1}{0.0.0.0:8082}
23 Dec 2019, 17:54:19,658 ServerConnector@6aa8ceb6{HTTP/1.1}{0.0.0.0:8082} added {sun.nio.ch.ServerSocketChannelImpl[/0:0:0:0:0:0:0:0:8082],POJO}
23 Dec 2019, 17:54:19,659 starting org.eclipse.jetty.util.thread.ScheduledExecutorScheduler@694f9431
23 Dec 2019, 17:54:19,660 STARTED @419ms org.eclipse.jetty.util.thread.ScheduledExecutorScheduler@694f9431
23 Dec 2019, 17:54:19,660 starting HttpConnectionFactory@2957fcb0{HTTP/1.1}
23 Dec 2019, 17:54:19,660 STARTED @419ms HttpConnectionFactory@2957fcb0{HTTP/1.1}
23 Dec 2019, 17:54:19,661 starting org.eclipse.jetty.server.ServerConnector$ServerConnectorManager@3b95a09c
23 Dec 2019, 17:54:19,663 starting org.eclipse.jetty.io.SelectorManager$ManagedSelector@65e579dc keys=-1 selected=-1
23 Dec 2019, 17:54:20,366 STARTED @1124ms org.eclipse.jetty.io.SelectorManager$ManagedSelector@65e579dc keys=0 selected=0
23 Dec 2019, 17:54:20,366 starting org.eclipse.jetty.io.SelectorManager$ManagedSelector@35bbe5e8 keys=-1 selected=-1
23 Dec 2019, 17:54:20,367 Starting Thread[qtp1469821799-11-selector-ServerConnectorManager@3b95a09c/0,5,main] on org.eclipse.jetty.io.SelectorManager$ManagedSelector@65e579dc keys=0 selected=0
23 Dec 2019, 17:54:20,368 Selector loop waiting on select
23 Dec 2019, 17:54:20,368 STARTED @1127ms org.eclipse.jetty.io.SelectorManager$ManagedSelector@35bbe5e8 keys=0 selected=0
23 Dec 2019, 17:54:20,368 STARTED @1127ms org.eclipse.jetty.server.ServerConnector$ServerConnectorManager@3b95a09c
23 Dec 2019, 17:54:20,368 Starting Thread[qtp1469821799-12-selector-ServerConnectorManager@3b95a09c/1,5,main] on org.eclipse.jetty.io.SelectorManager$ManagedSelector@35bbe5e8 keys=0 selected=0
23 Dec 2019, 17:54:20,368 Selector loop waiting on select
23 Dec 2019, 17:54:20,374 ServerConnector@6aa8ceb6{HTTP/1.1}{0.0.0.0:8082} added {acceptor-0@3cb5cdba,POJO}
23 Dec 2019, 17:54:20,374 Started ServerConnector@6aa8ceb6{HTTP/1.1}{0.0.0.0:8082}
23 Dec 2019, 17:54:20,375 STARTED @1133ms ServerConnector@6aa8ceb6{HTTP/1.1}{0.0.0.0:8082}
23 Dec 2019, 17:54:20,375 starting ServerConnector@3f8f9dd6{SSL-http/1.1}{0.0.0.0:8444}
23 Dec 2019, 17:54:20,375 ServerConnector@3f8f9dd6{SSL-http/1.1}{0.0.0.0:8444} added {sun.nio.ch.ServerSocketChannelImpl[/0:0:0:0:0:0:0:0:8444],POJO}
23 Dec 2019, 17:54:20,375 starting org.eclipse.jetty.util.thread.ScheduledExecutorScheduler@7e774085
23 Dec 2019, 17:54:20,375 STARTED @1134ms org.eclipse.jetty.util.thread.ScheduledExecutorScheduler@7e774085
23 Dec 2019, 17:54:20,376 starting SslConnectionFactory@6bf2d08e{SSL-http/1.1}
23 Dec 2019, 17:54:20,376 starting SslContextFactory@5eb5c224(config/apiegp.jks,null)
23 Dec 2019, 17:54:21,405 Enabled Protocols [TLSv1, TLSv1.1, TLSv1.2] of [SSLv2Hello, SSLv3, TLSv1, TLSv1.1, TLSv1.2]
23 Dec 2019, 17:54:21,409 Enabled Ciphers   [TLS_ECDHE_ECDSA_WITH_AES_128_CBC_SHA256, TLS_ECDHE_RSA_WITH_AES_128_CBC_SHA256, TLS_RSA_WITH_AES_128_CBC_SHA256, TLS_ECDH_ECDSA_WITH_AES_128_CBC_SHA256, TLS_ECDH_RSA_WITH_AES_128_CBC_SHA256, TLS_DHE_RSA_WITH_AES_128_CBC_SHA256, TLS_DHE_DSS_WITH_AES_128_CBC_SHA256, TLS_ECDHE_ECDSA_WITH_AES_128_CBC_SHA, TLS_ECDHE_RSA_WITH_AES_128_CBC_SHA, TLS_RSA_WITH_AES_128_CBC_SHA, TLS_ECDH_ECDSA_WITH_AES_128_CBC_SHA, TLS_ECDH_RSA_WITH_AES_128_CBC_SHA, TLS_DHE_RSA_WITH_AES_128_CBC_SHA, TLS_DHE_DSS_WITH_AES_128_CBC_SHA, TLS_ECDHE_ECDSA_WITH_AES_128_GCM_SHA256, TLS_ECDHE_RSA_WITH_AES_128_GCM_SHA256, TLS_RSA_WITH_AES_128_GCM_SHA256, TLS_ECDH_ECDSA_WITH_AES_128_GCM_SHA256, TLS_ECDH_RSA_WITH_AES_128_GCM_SHA256, TLS_DHE_RSA_WITH_AES_128_GCM_SHA256, TLS_DHE_DSS_WITH_AES_128_GCM_SHA256, TLS_ECDHE_ECDSA_WITH_3DES_EDE_CBC_SHA, TLS_ECDHE_RSA_WITH_3DES_EDE_CBC_SHA, SSL_RSA_WITH_3DES_EDE_CBC_SHA, TLS_ECDH_ECDSA_WITH_3DES_EDE_CBC_SHA, TLS_ECDH_RSA_WITH_3DES_EDE_CBC_SHA, SSL_DHE_RSA_WITH_3DES_EDE_CBC_SHA, SSL_DHE_DSS_WITH_3DES_EDE_CBC_SHA, TLS_EMPTY_RENEGOTIATION_INFO_SCSV] of [TLS_ECDHE_ECDSA_WITH_AES_128_CBC_SHA256, TLS_ECDHE_RSA_WITH_AES_128_CBC_SHA256, TLS_RSA_WITH_AES_128_CBC_SHA256, TLS_ECDH_ECDSA_WITH_AES_128_CBC_SHA256, TLS_ECDH_RSA_WITH_AES_128_CBC_SHA256, TLS_DHE_RSA_WITH_AES_128_CBC_SHA256, TLS_DHE_DSS_WITH_AES_128_CBC_SHA256, TLS_ECDHE_ECDSA_WITH_AES_128_CBC_SHA, TLS_ECDHE_RSA_WITH_AES_128_CBC_SHA, TLS_RSA_WITH_AES_128_CBC_SHA, TLS_ECDH_ECDSA_WITH_AES_128_CBC_SHA, TLS_ECDH_RSA_WITH_AES_128_CBC_SHA, TLS_DHE_RSA_WITH_AES_128_CBC_SHA, TLS_DHE_DSS_WITH_AES_128_CBC_SHA, TLS_ECDHE_ECDSA_WITH_AES_128_GCM_SHA256, TLS_ECDHE_RSA_WITH_AES_128_GCM_SHA256, TLS_RSA_WITH_AES_128_GCM_SHA256, TLS_ECDH_ECDSA_WITH_AES_128_GCM_SHA256, TLS_ECDH_RSA_WITH_AES_128_GCM_SHA256, TLS_DHE_RSA_WITH_AES_128_GCM_SHA256, TLS_DHE_DSS_WITH_AES_128_GCM_SHA256, TLS_ECDHE_ECDSA_WITH_3DES_EDE_CBC_SHA, TLS_ECDHE_RSA_WITH_3DES_EDE_CBC_SHA, SSL_RSA_WITH_3DES_EDE_CBC_SHA, TLS_ECDH_ECDSA_WITH_3DES_EDE_CBC_SHA, TLS_ECDH_RSA_WITH_3DES_EDE_CBC_SHA, SSL_DHE_RSA_WITH_3DES_EDE_CBC_SHA, SSL_DHE_DSS_WITH_3DES_EDE_CBC_SHA, TLS_EMPTY_RENEGOTIATION_INFO_SCSV, TLS_DH_anon_WITH_AES_128_GCM_SHA256, TLS_DH_anon_WITH_AES_128_CBC_SHA256, TLS_ECDH_anon_WITH_AES_128_CBC_SHA, TLS_DH_anon_WITH_AES_128_CBC_SHA, TLS_ECDH_anon_WITH_3DES_EDE_CBC_SHA, SSL_DH_anon_WITH_3DES_EDE_CBC_SHA, SSL_RSA_WITH_DES_CBC_SHA, SSL_DHE_RSA_WITH_DES_CBC_SHA, SSL_DHE_DSS_WITH_DES_CBC_SHA, SSL_DH_anon_WITH_DES_CBC_SHA, SSL_RSA_EXPORT_WITH_DES40_CBC_SHA, SSL_DHE_RSA_EXPORT_WITH_DES40_CBC_SHA, SSL_DHE_DSS_EXPORT_WITH_DES40_CBC_SHA, SSL_DH_anon_EXPORT_WITH_DES40_CBC_SHA, TLS_RSA_WITH_NULL_SHA256, TLS_ECDHE_ECDSA_WITH_NULL_SHA, TLS_ECDHE_RSA_WITH_NULL_SHA, SSL_RSA_WITH_NULL_SHA, TLS_ECDH_ECDSA_WITH_NULL_SHA, TLS_ECDH_RSA_WITH_NULL_SHA, TLS_ECDH_anon_WITH_NULL_SHA, SSL_RSA_WITH_NULL_MD5, TLS_KRB5_WITH_3DES_EDE_CBC_SHA, TLS_KRB5_WITH_3DES_EDE_CBC_MD5, TLS_KRB5_WITH_DES_CBC_SHA, TLS_KRB5_WITH_DES_CBC_MD5, TLS_KRB5_EXPORT_WITH_DES_CBC_40_SHA, TLS_KRB5_EXPORT_WITH_DES_CBC_40_MD5]
23 Dec 2019, 17:54:21,410 STARTED @2168ms SslContextFactory@5eb5c224(config/apiegp.jks,config/apiegp.jks)
23 Dec 2019, 17:54:21,415 STARTED @2174ms SslConnectionFactory@6bf2d08e{SSL-http/1.1}
23 Dec 2019, 17:54:21,416 starting HttpConnectionFactory@53e25b76{HTTP/1.1}
23 Dec 2019, 17:54:21,416 STARTED @2175ms HttpConnectionFactory@53e25b76{HTTP/1.1}
23 Dec 2019, 17:54:21,419 starting org.eclipse.jetty.server.ServerConnector$ServerConnectorManager@1c655221
23 Dec 2019, 17:54:21,419 starting org.eclipse.jetty.io.SelectorManager$ManagedSelector@1a8a8f7c keys=-1 selected=-1
23 Dec 2019, 17:54:21,421 STARTED @2179ms org.eclipse.jetty.io.SelectorManager$ManagedSelector@1a8a8f7c keys=0 selected=0
23 Dec 2019, 17:54:21,421 Starting Thread[qtp1469821799-14-selector-ServerConnectorManager@1c655221/0,5,main] on org.eclipse.jetty.io.SelectorManager$ManagedSelector@1a8a8f7c keys=0 selected=0
23 Dec 2019, 17:54:21,421 Selector loop waiting on select
23 Dec 2019, 17:54:21,422 starting org.eclipse.jetty.io.SelectorManager$ManagedSelector@2353b3e6 keys=-1 selected=-1
23 Dec 2019, 17:54:21,423 STARTED @2182ms org.eclipse.jetty.io.SelectorManager$ManagedSelector@2353b3e6 keys=0 selected=0
23 Dec 2019, 17:54:21,423 STARTED @2182ms org.eclipse.jetty.server.ServerConnector$ServerConnectorManager@1c655221
23 Dec 2019, 17:54:21,423 ServerConnector@3f8f9dd6{SSL-http/1.1}{0.0.0.0:8444} added {acceptor-0@631330c,POJO}
23 Dec 2019, 17:54:21,423 Started ServerConnector@3f8f9dd6{SSL-http/1.1}{0.0.0.0:8444}
23 Dec 2019, 17:54:21,424 STARTED @2183ms ServerConnector@3f8f9dd6{SSL-http/1.1}{0.0.0.0:8444}
23 Dec 2019, 17:54:21,424 Started @2183ms
23 Dec 2019, 17:54:21,424 STARTED @2183ms org.eclipse.jetty.server.Server@5b37e0d2
23 Dec 2019, 17:54:21,424 BIDDING API SERVER Started ...!!!
23 Dec 2019, 17:54:21,426 Starting Thread[qtp1469821799-15-selector-ServerConnectorManager@1c655221/1,5,main] on org.eclipse.jetty.io.SelectorManager$ManagedSelector@2353b3e6 keys=0 selected=0
23 Dec 2019, 17:54:21,426 Selector loop waiting on select
23 Dec 2019, 17:54:38,949 Queued change org.eclipse.jetty.io.SelectorManager$ManagedSelector$Accept@5cd83706
23 Dec 2019, 17:54:38,949 Selector loop woken up from select, 0/0 selected
23 Dec 2019, 17:54:38,950 Running change org.eclipse.jetty.io.SelectorManager$ManagedSelector$Accept@5cd83706
23 Dec 2019, 17:54:38,964 onOpen SelectChannelEndPoint@49176248{/0:0:0:0:0:0:0:1:64963<->8082,Open,in,out,-,-,6/30000,null}{io=0,kio=0,kro=0}
23 Dec 2019, 17:54:38,965 SelectChannelEndPoint@49176248{/0:0:0:0:0:0:0:1:64963<->8082,Open,in,out,-,-,7/30000,null}{io=0,kio=0,kro=0} idle timeout check, elapsed: 7 ms, remaining: 29993 ms
23 Dec 2019, 17:54:39,030 new HttpChannelOverHttp@6b6b887a{r=0,c=false,a=IDLE,uri=-} -> SelectChannelEndPoint@49176248{/0:0:0:0:0:0:0:1:64963<->8082,Open,in,out,-,-,72/30000,null}{io=0,kio=0,kro=0},null,HttpChannelState@7b8d6c18{s=IDLE i=true a=null}
23 Dec 2019, 17:54:39,035 New HTTP Connection HttpConnection@43eab086{IDLE}
23 Dec 2019, 17:54:39,036 onOpen HttpConnection@43eab086{IDLE}
23 Dec 2019, 17:54:39,037 fillInterested HttpConnection@43eab086{IDLE}
23 Dec 2019, 17:54:39,037 IDLE-->FILL_INTERESTED HttpConnection@43eab086{FILL_INTERESTED}
23 Dec 2019, 17:54:39,037 Local interests updating 0 -> 1 for SelectChannelEndPoint@49176248{/0:0:0:0:0:0:0:1:64963<->8082,Open,in,out,R,-,0/30000,HttpConnection}{io=1,kio=0,kro=0}
23 Dec 2019, 17:54:39,037 Running change org.eclipse.jetty.io.SelectChannelEndPoint$1@7381fb40
23 Dec 2019, 17:54:39,038 Key interests updated 0 -> 1 on SelectChannelEndPoint@49176248{/0:0:0:0:0:0:0:1:64963<->8082,Open,in,out,R,-,0/30000,HttpConnection}{io=1,kio=1,kro=0}
23 Dec 2019, 17:54:39,038 Created SelectChannelEndPoint@49176248{/0:0:0:0:0:0:0:1:64963<->8082,Open,in,out,R,-,1/30000,HttpConnection}{io=1,kio=1,kro=0}
23 Dec 2019, 17:54:39,038 Selector loop waiting on select
23 Dec 2019, 17:54:39,038 Selector loop woken up from select, 1/1 selected
23 Dec 2019, 17:54:39,039 Key interests updated 1 -> 0 on SelectChannelEndPoint@49176248{/0:0:0:0:0:0:0:1:64963<->8082,Open,in,out,R,-,2/30000,HttpConnection}{io=1,kio=0,kro=1}
23 Dec 2019, 17:54:39,039 Local interests updating 1 -> 0 for SelectChannelEndPoint@49176248{/0:0:0:0:0:0:0:1:64963<->8082,Open,in,out,R,-,2/30000,HttpConnection}{io=0,kio=0,kro=1}
23 Dec 2019, 17:54:39,039 Running change org.eclipse.jetty.io.SelectChannelEndPoint$1@7381fb40
23 Dec 2019, 17:54:39,043 FILL_INTERESTED-->FILLING HttpConnection@43eab086{FILLING}
23 Dec 2019, 17:54:39,044 Selector loop waiting on select
23 Dec 2019, 17:54:39,043 HttpConnection@43eab086{FILLING} onFillable HttpChannelState@7b8d6c18{s=IDLE i=true a=null}
23 Dec 2019, 17:54:39,044 filled 543 SelectChannelEndPoint@49176248{/0:0:0:0:0:0:0:1:64963<->8082,Open,in,out,-,-,7/30000,HttpConnection}{io=0,kio=0,kro=1}
23 Dec 2019, 17:54:39,044 parseNext s=START HeapByteBuffer@14af1c79[p=0,l=543,c=16384,r=543]={<<<GET / HTTP/1.1\r\nH...0.5\r\nDNT: 1\r\n\r\n>>>\x00\x00\x00\x00\x00\x00\x00\x00\x00\x00\x00\x00\x00\x00\x00\x00\x00...\x00\x00\x00\x00\x00\x00\x00\x00\x00\x00\x00\x00\x00\x00\x00}
23 Dec 2019, 17:54:39,046 START --> SPACE1
23 Dec 2019, 17:54:39,048 SPACE1 --> URI
23 Dec 2019, 17:54:39,048 URI --> SPACE2
23 Dec 2019, 17:54:39,048 SPACE2 --> REQUEST_VERSION
23 Dec 2019, 17:54:39,048 REQUEST_VERSION --> HEADER
23 Dec 2019, 17:54:39,048 HEADER --> HEADER_VALUE
23 Dec 2019, 17:54:39,048 HEADER_VALUE --> HEADER_IN_VALUE
23 Dec 2019, 17:54:39,048 HEADER_IN_VALUE --> HEADER
23 Dec 2019, 17:54:39,049 HEADER --> HEADER_IN_VALUE
23 Dec 2019, 17:54:39,050 HEADER_IN_VALUE --> HEADER
23 Dec 2019, 17:54:39,050 HEADER --> HEADER_IN_NAME
23 Dec 2019, 17:54:39,050 HEADER_IN_NAME --> HEADER_VALUE
23 Dec 2019, 17:54:39,050 HEADER_VALUE --> HEADER_IN_VALUE
23 Dec 2019, 17:54:39,050 HEADER_IN_VALUE --> HEADER
23 Dec 2019, 17:54:39,050 HEADER --> HEADER_VALUE
23 Dec 2019, 17:54:39,050 HEADER_VALUE --> HEADER_IN_VALUE
23 Dec 2019, 17:54:39,050 HEADER_IN_VALUE --> HEADER
23 Dec 2019, 17:54:39,051 HEADER --> HEADER_IN_NAME
23 Dec 2019, 17:54:39,051 HEADER_IN_NAME --> HEADER_VALUE
23 Dec 2019, 17:54:39,051 HEADER_VALUE --> HEADER_IN_VALUE
23 Dec 2019, 17:54:39,051 HEADER_IN_VALUE --> HEADER
23 Dec 2019, 17:54:39,051 HEADER --> HEADER_VALUE
23 Dec 2019, 17:54:39,051 HEADER_VALUE --> HEADER_IN_VALUE
23 Dec 2019, 17:54:39,051 HEADER_IN_VALUE --> HEADER
23 Dec 2019, 17:54:39,052 HEADER --> HEADER_IN_NAME
23 Dec 2019, 17:54:39,052 HEADER_IN_NAME --> HEADER_VALUE
23 Dec 2019, 17:54:39,052 HEADER_VALUE --> HEADER_IN_VALUE
23 Dec 2019, 17:54:39,052 HEADER_IN_VALUE --> HEADER
23 Dec 2019, 17:54:39,052 HEADER --> HEADER_IN_NAME
23 Dec 2019, 17:54:39,052 HEADER_IN_NAME --> HEADER_VALUE
23 Dec 2019, 17:54:39,052 HEADER_VALUE --> HEADER_IN_VALUE
23 Dec 2019, 17:54:39,052 HEADER_IN_VALUE --> HEADER
23 Dec 2019, 17:54:39,052 HEADER --> HEADER_IN_VALUE
23 Dec 2019, 17:54:39,052 HEADER_IN_VALUE --> HEADER
23 Dec 2019, 17:54:39,052 HEADER --> HEADER_VALUE
23 Dec 2019, 17:54:39,052 HEADER_VALUE --> HEADER_IN_VALUE
23 Dec 2019, 17:54:39,052 HEADER_IN_VALUE --> HEADER
23 Dec 2019, 17:54:39,053 HEADER --> HEADER_IN_NAME
23 Dec 2019, 17:54:39,053 HEADER_IN_NAME --> HEADER_VALUE
23 Dec 2019, 17:54:39,053 HEADER_VALUE --> HEADER_IN_VALUE
23 Dec 2019, 17:54:39,053 HEADER_IN_VALUE --> HEADER
23 Dec 2019, 17:54:39,054 HEADER --> END
23 Dec 2019, 17:54:39,054 HttpChannelOverHttp@6b6b887a{r=1,c=false,a=IDLE,uri=-} messageComplete
23 Dec 2019, 17:54:39,055 HttpInputOverHTTP@63251070 EOF
23 Dec 2019, 17:54:39,055 HttpChannelOverHttp@6b6b887a{r=1,c=false,a=IDLE,uri=-} handle enter
23 Dec 2019, 17:54:39,055 HttpChannelState@7b8d6c18{s=IDLE i=true a=null} handling IDLE
23 Dec 2019, 17:54:39,056 HttpChannelOverHttp@6b6b887a{r=1,c=false,a=DISPATCHED,uri=/} action REQUEST_DISPATCH
23 Dec 2019, 17:54:39,057 REQUEST GET / on HttpChannelOverHttp@6b6b887a{r=1,c=false,a=DISPATCHED,uri=/}
23 Dec 2019, 17:54:39,057 servlet null|/|null -> org.eclipse.jetty.servlet.ServletHandler$Default404Servlet-16b4a017@12176560==org.eclipse.jetty.servlet.ServletHandler$Default404Servlet,-1,false
23 Dec 2019, 17:54:39,058 chain=com.egp.contract.api.server.CorsFilter-5aaa6d82->org.eclipse.jetty.servlet.ServletHandler$Default404Servlet-16b4a017@12176560==org.eclipse.jetty.servlet.ServletHandler$Default404Servlet,-1,false
23 Dec 2019, 17:54:39,063 Servlet.init org.eclipse.jetty.servlet.ServletHandler$Default404Servlet@254c5273 for org.eclipse.jetty.servlet.ServletHandler$Default404Servlet-16b4a017
23 Dec 2019, 17:54:39,064 call filter com.egp.contract.api.server.CorsFilter-5aaa6d82
23 Dec 2019, 17:54:39,064 call servlet org.eclipse.jetty.servlet.ServletHandler$Default404Servlet-16b4a017@12176560==org.eclipse.jetty.servlet.ServletHandler$Default404Servlet,-1,true
23 Dec 2019, 17:54:39,076 org.eclipse.jetty.server.HttpConnection$SendCallback@6b3d7a4e[PROCESSING][i=ResponseInfo{HTTP/1.1 404 null,278,false},cb=org.eclipse.jetty.server.HttpChannel$CommitCallback@8349151] generate: NEED_HEADER (null,[p=0,l=278,c=2048,r=278],true)@START
23 Dec 2019, 17:54:39,078 org.eclipse.jetty.server.HttpConnection$SendCallback@6b3d7a4e[PROCESSING][i=ResponseInfo{HTTP/1.1 404 null,278,false},cb=org.eclipse.jetty.server.HttpChannel$CommitCallback@8349151] generate: FLUSH ([p=0,l=479,c=8192,r=479],[p=0,l=278,c=2048,r=278],true)@COMPLETING
23 Dec 2019, 17:54:39,078 write: WriteFlusher@59a99e70{IDLE} [HeapByteBuffer@14a1c533[p=0,l=479,c=8192,r=479]={<<<HTTP/1.1 404 Not ...z-SNAPSHOT)\r\n\r\n>>>\x00\x00\x00\x00\x00\x00\x00\x00\x00\x00\x00\x00\x00\x00\x00\x00\x00...\x00\x00\x00\x00\x00\x00\x00\x00\x00\x00\x00\x00\x00\x00\x00},HeapByteBuffer@38b360ef[p=0,l=278,c=2048,r=278]={<<<<html>\n<head>\n<me.../body>\n</html>\n>>>\x00\x00\x00\x00\x00\x00\x00\x00\x00\x00\x00\x00\x00\x00\x00\x00\x00...\x00\x00\x00\x00\x00\x00\x00\x00\x00\x00\x00\x00\x00\x00\x00}]
23 Dec 2019, 17:54:39,078 update WriteFlusher@59a99e70{WRITING}:IDLE-->WRITING
23 Dec 2019, 17:54:39,080 flushed 757 SelectChannelEndPoint@49176248{/0:0:0:0:0:0:0:1:64963<->8082,Open,in,out,-,W,35/30000,HttpConnection}{io=0,kio=0,kro=1}
23 Dec 2019, 17:54:39,080 update WriteFlusher@59a99e70{IDLE}:WRITING-->IDLE
23 Dec 2019, 17:54:39,080 org.eclipse.jetty.server.HttpConnection$SendCallback@6b3d7a4e[PROCESSING][i=ResponseInfo{HTTP/1.1 404 null,278,false},cb=org.eclipse.jetty.server.HttpChannel$CommitCallback@8349151] generate: DONE ([p=479,l=479,c=8192,r=0],[p=278,l=278,c=2048,r=0],true)@END
23 Dec 2019, 17:54:39,080 RESPONSE /  404 handled=true
23 Dec 2019, 17:54:39,080 HttpChannelState@7b8d6c18{s=DISPATCHED i=true a=null} unhandle DISPATCHED
23 Dec 2019, 17:54:39,083 reset HttpParser{s=END,0 of 0}
23 Dec 2019, 17:54:39,083 END --> START
23 Dec 2019, 17:54:39,083 HttpChannelOverHttp@6b6b887a{r=1,c=false,a=IDLE,uri=-} handle exit, result COMPLETE
23 Dec 2019, 17:54:39,084 filled 0 SelectChannelEndPoint@49176248{/0:0:0:0:0:0:0:1:64963<->8082,Open,in,out,-,-,3/30000,HttpConnection}{io=0,kio=0,kro=1}
23 Dec 2019, 17:54:39,084 filled 0 SelectChannelEndPoint@49176248{/0:0:0:0:0:0:0:1:64963<->8082,Open,in,out,-,-,4/30000,HttpConnection}{io=0,kio=0,kro=1}
23 Dec 2019, 17:54:39,084 parseNext s=START HeapByteBuffer@14af1c79[p=0,l=0,c=16384,r=0]={<<<>>>GET / HTTP/1.1\r\nH...\x00\x00\x00\x00\x00\x00\x00\x00\x00\x00\x00\x00\x00\x00\x00}
23 Dec 2019, 17:54:39,084 fillInterested HttpConnection@43eab086{FILLING}
23 Dec 2019, 17:54:39,084 FILLING-->FILLING_FILL_INTERESTED HttpConnection@43eab086{FILLING_FILL_INTERESTED}
23 Dec 2019, 17:54:39,084 FILLING_FILL_INTERESTED-->FILL_INTERESTED HttpConnection@43eab086{FILL_INTERESTED}
23 Dec 2019, 17:54:39,085 Local interests updating 0 -> 1 for SelectChannelEndPoint@49176248{/0:0:0:0:0:0:0:1:64963<->8082,Open,in,out,R,-,0/30000,HttpConnection}{io=1,kio=0,kro=1}
23 Dec 2019, 17:54:39,086 Running change org.eclipse.jetty.io.SelectChannelEndPoint$1@7381fb40
23 Dec 2019, 17:54:39,086 Key interests updated 0 -> 1 on SelectChannelEndPoint@49176248{/0:0:0:0:0:0:0:1:64963<->8082,Open,in,out,R,-,2/30000,HttpConnection}{io=1,kio=1,kro=1}
23 Dec 2019, 17:54:39,087 Selector loop woken up from select, 0/1 selected
23 Dec 2019, 17:54:39,087 Selector loop waiting on select
23 Dec 2019, 17:54:39,253 Selector loop woken up from select, 1/1 selected
23 Dec 2019, 17:54:39,254 Key interests updated 1 -> 0 on SelectChannelEndPoint@49176248{/0:0:0:0:0:0:0:1:64963<->8082,Open,in,out,R,-,169/30000,HttpConnection}{io=1,kio=0,kro=1}
23 Dec 2019, 17:54:39,254 Local interests updating 1 -> 0 for SelectChannelEndPoint@49176248{/0:0:0:0:0:0:0:1:64963<->8082,Open,in,out,R,-,170/30000,HttpConnection}{io=0,kio=0,kro=1}
23 Dec 2019, 17:54:39,255 Running change org.eclipse.jetty.io.SelectChannelEndPoint$1@7381fb40
23 Dec 2019, 17:54:39,255 FILL_INTERESTED-->FILLING HttpConnection@43eab086{FILLING}
23 Dec 2019, 17:54:39,255 Selector loop waiting on select
23 Dec 2019, 17:54:39,259 HttpConnection@43eab086{FILLING} onFillable HttpChannelState@7b8d6c18{s=IDLE i=true a=null}
23 Dec 2019, 17:54:39,262 filled 458 SelectChannelEndPoint@49176248{/0:0:0:0:0:0:0:1:64963<->8082,Open,in,out,-,-,176/30000,HttpConnection}{io=0,kio=0,kro=1}
23 Dec 2019, 17:54:39,264 parseNext s=START HeapByteBuffer@14af1c79[p=0,l=458,c=16384,r=458]={<<<GET /favicon.ico ...0.5\r\nDNT: 1\r\n\r\n>>>Accept-Language: ...\x00\x00\x00\x00\x00\x00\x00\x00\x00\x00\x00\x00\x00\x00\x00}
23 Dec 2019, 17:54:39,264 START --> SPACE1
23 Dec 2019, 17:54:39,264 SPACE1 --> URI
23 Dec 2019, 17:54:39,264 URI --> SPACE2
23 Dec 2019, 17:54:39,264 SPACE2 --> REQUEST_VERSION
23 Dec 2019, 17:54:39,264 REQUEST_VERSION --> HEADER
23 Dec 2019, 17:54:39,265 HEADER --> HEADER_IN_VALUE
23 Dec 2019, 17:54:39,265 HEADER_IN_VALUE --> HEADER
23 Dec 2019, 17:54:39,265 HEADER --> HEADER_IN_VALUE
23 Dec 2019, 17:54:39,267 HEADER_IN_VALUE --> HEADER
23 Dec 2019, 17:54:39,267 HEADER --> HEADER_IN_VALUE
23 Dec 2019, 17:54:39,268 HEADER_IN_VALUE --> HEADER
23 Dec 2019, 17:54:39,268 HEADER --> HEADER_VALUE
23 Dec 2019, 17:54:39,268 HEADER_VALUE --> HEADER_IN_VALUE
23 Dec 2019, 17:54:39,268 HEADER_IN_VALUE --> HEADER
23 Dec 2019, 17:54:39,268 HEADER --> HEADER_IN_NAME
23 Dec 2019, 17:54:39,268 HEADER_IN_NAME --> HEADER_VALUE
23 Dec 2019, 17:54:39,268 HEADER_VALUE --> HEADER_IN_VALUE
23 Dec 2019, 17:54:39,268 HEADER_IN_VALUE --> HEADER
23 Dec 2019, 17:54:39,269 HEADER --> HEADER_IN_NAME
23 Dec 2019, 17:54:39,269 HEADER_IN_NAME --> HEADER_VALUE
23 Dec 2019, 17:54:39,269 HEADER_VALUE --> HEADER_IN_VALUE
23 Dec 2019, 17:54:39,269 HEADER_IN_VALUE --> HEADER
23 Dec 2019, 17:54:39,269 HEADER --> HEADER_VALUE
23 Dec 2019, 17:54:39,269 HEADER_VALUE --> HEADER_IN_VALUE
23 Dec 2019, 17:54:39,269 HEADER_IN_VALUE --> HEADER
23 Dec 2019, 17:54:39,269 HEADER --> HEADER_IN_VALUE
23 Dec 2019, 17:54:39,269 HEADER_IN_VALUE --> HEADER
23 Dec 2019, 17:54:39,269 HEADER --> HEADER_IN_VALUE
23 Dec 2019, 17:54:39,269 HEADER_IN_VALUE --> HEADER
23 Dec 2019, 17:54:39,269 HEADER --> HEADER_IN_NAME
23 Dec 2019, 17:54:39,269 HEADER_IN_NAME --> HEADER_VALUE
23 Dec 2019, 17:54:39,270 HEADER_VALUE --> HEADER_IN_VALUE
23 Dec 2019, 17:54:39,270 HEADER_IN_VALUE --> HEADER
23 Dec 2019, 17:54:39,270 HEADER --> END
23 Dec 2019, 17:54:39,270 HttpChannelOverHttp@6b6b887a{r=2,c=false,a=IDLE,uri=-} messageComplete
23 Dec 2019, 17:54:39,270 HttpInputOverHTTP@63251070 EOF
23 Dec 2019, 17:54:39,270 HttpChannelOverHttp@6b6b887a{r=2,c=false,a=IDLE,uri=-} handle enter
23 Dec 2019, 17:54:39,271 HttpChannelState@7b8d6c18{s=IDLE i=true a=null} handling IDLE
23 Dec 2019, 17:54:39,271 HttpChannelOverHttp@6b6b887a{r=2,c=false,a=DISPATCHED,uri=/favicon.ico} action REQUEST_DISPATCH
23 Dec 2019, 17:54:39,271 REQUEST GET /favicon.ico on HttpChannelOverHttp@6b6b887a{r=2,c=false,a=DISPATCHED,uri=/favicon.ico}
23 Dec 2019, 17:54:39,271 servlet null|/favicon.ico|null -> org.eclipse.jetty.servlet.ServletHandler$Default404Servlet-16b4a017@12176560==org.eclipse.jetty.servlet.ServletHandler$Default404Servlet,-1,true
23 Dec 2019, 17:54:39,272 chain=com.egp.contract.api.server.CorsFilter-5aaa6d82->org.eclipse.jetty.servlet.ServletHandler$Default404Servlet-16b4a017@12176560==org.eclipse.jetty.servlet.ServletHandler$Default404Servlet,-1,true
23 Dec 2019, 17:54:39,272 call filter com.egp.contract.api.server.CorsFilter-5aaa6d82
23 Dec 2019, 17:54:39,272 call servlet org.eclipse.jetty.servlet.ServletHandler$Default404Servlet-16b4a017@12176560==org.eclipse.jetty.servlet.ServletHandler$Default404Servlet,-1,true
23 Dec 2019, 17:54:39,272 org.eclipse.jetty.server.HttpConnection$SendCallback@6b3d7a4e[PROCESSING][i=ResponseInfo{HTTP/1.1 404 null,289,false},cb=org.eclipse.jetty.server.HttpChannel$CommitCallback@19fc9097] generate: NEED_HEADER (null,[p=0,l=289,c=2048,r=289],true)@START
23 Dec 2019, 17:54:39,272 org.eclipse.jetty.server.HttpConnection$SendCallback@6b3d7a4e[PROCESSING][i=ResponseInfo{HTTP/1.1 404 null,289,false},cb=org.eclipse.jetty.server.HttpChannel$CommitCallback@19fc9097] generate: FLUSH ([p=0,l=479,c=8192,r=479],[p=0,l=289,c=2048,r=289],true)@COMPLETING
23 Dec 2019, 17:54:39,273 write: WriteFlusher@59a99e70{IDLE} [HeapByteBuffer@14a1c533[p=0,l=479,c=8192,r=479]={<<<HTTP/1.1 404 Not ...z-SNAPSHOT)\r\n\r\n>>>\x00\x00\x00\x00\x00\x00\x00\x00\x00\x00\x00\x00\x00\x00\x00\x00\x00...\x00\x00\x00\x00\x00\x00\x00\x00\x00\x00\x00\x00\x00\x00\x00},HeapByteBuffer@173b7dd8[p=0,l=289,c=2048,r=289]={<<<<html>\n<head>\n<me.../body>\n</html>\n>>>\x00\x00\x00\x00\x00\x00\x00\x00\x00\x00\x00\x00\x00\x00\x00\x00\x00...\x00\x00\x00\x00\x00\x00\x00\x00\x00\x00\x00\x00\x00\x00\x00}]
23 Dec 2019, 17:54:39,276 update WriteFlusher@59a99e70{WRITING}:IDLE-->WRITING
23 Dec 2019, 17:54:39,276 flushed 768 SelectChannelEndPoint@49176248{/0:0:0:0:0:0:0:1:64963<->8082,Open,in,out,-,W,14/30000,HttpConnection}{io=0,kio=0,kro=1}
23 Dec 2019, 17:54:39,276 update WriteFlusher@59a99e70{IDLE}:WRITING-->IDLE
23 Dec 2019, 17:54:39,278 org.eclipse.jetty.server.HttpConnection$SendCallback@6b3d7a4e[PROCESSING][i=ResponseInfo{HTTP/1.1 404 null,289,false},cb=org.eclipse.jetty.server.HttpChannel$CommitCallback@19fc9097] generate: DONE ([p=479,l=479,c=8192,r=0],[p=289,l=289,c=2048,r=0],true)@END
23 Dec 2019, 17:54:39,278 RESPONSE /favicon.ico  404 handled=true
23 Dec 2019, 17:54:39,278 HttpChannelState@7b8d6c18{s=DISPATCHED i=true a=null} unhandle DISPATCHED
23 Dec 2019, 17:54:39,279 reset HttpParser{s=END,0 of -1}
23 Dec 2019, 17:54:39,279 END --> START
23 Dec 2019, 17:54:39,279 HttpChannelOverHttp@6b6b887a{r=2,c=false,a=IDLE,uri=-} handle exit, result COMPLETE
23 Dec 2019, 17:54:39,279 filled 0 SelectChannelEndPoint@49176248{/0:0:0:0:0:0:0:1:64963<->8082,Open,in,out,-,-,3/30000,HttpConnection}{io=0,kio=0,kro=1}
23 Dec 2019, 17:54:39,280 filled 0 SelectChannelEndPoint@49176248{/0:0:0:0:0:0:0:1:64963<->8082,Open,in,out,-,-,3/30000,HttpConnection}{io=0,kio=0,kro=1}
23 Dec 2019, 17:54:39,280 parseNext s=START HeapByteBuffer@14af1c79[p=0,l=0,c=16384,r=0]={<<<>>>GET /favicon.ico ...\x00\x00\x00\x00\x00\x00\x00\x00\x00\x00\x00\x00\x00\x00\x00}
23 Dec 2019, 17:54:39,280 fillInterested HttpConnection@43eab086{FILLING}
23 Dec 2019, 17:54:39,280 FILLING-->FILLING_FILL_INTERESTED HttpConnection@43eab086{FILLING_FILL_INTERESTED}
23 Dec 2019, 17:54:39,280 FILLING_FILL_INTERESTED-->FILL_INTERESTED HttpConnection@43eab086{FILL_INTERESTED}
23 Dec 2019, 17:54:39,280 Local interests updating 0 -> 1 for SelectChannelEndPoint@49176248{/0:0:0:0:0:0:0:1:64963<->8082,Open,in,out,R,-,0/30000,HttpConnection}{io=1,kio=0,kro=1}
23 Dec 2019, 17:54:39,280 Running change org.eclipse.jetty.io.SelectChannelEndPoint$1@7381fb40
23 Dec 2019, 17:54:39,281 Key interests updated 0 -> 1 on SelectChannelEndPoint@49176248{/0:0:0:0:0:0:0:1:64963<->8082,Open,in,out,R,-,1/30000,HttpConnection}{io=1,kio=1,kro=1}
23 Dec 2019, 17:54:39,281 Selector loop woken up from select, 0/1 selected
23 Dec 2019, 17:54:39,281 Selector loop waiting on select
